[19:18:38,277] [INFO] CmdHandlerFactory.init --> ==== 完成 Cmd 和 Handler 的关联 ====
[19:18:38,369] [INFO] CmdHandlerFactory.init --> 关联 org.tinygame.herostory.msg.GameMsgProtocol$UserLoginCmd <==> org.cmdHandler.UserLoginCmdHandler
[19:18:38,372] [INFO] CmdHandlerFactory.init --> 关联 org.tinygame.herostory.msg.GameMsgProtocol$UserAttkCmd <==> org.cmdHandler.UserAttkCmdHandler
[19:18:38,377] [INFO] CmdHandlerFactory.init --> 关联 org.tinygame.herostory.msg.GameMsgProtocol$UserMoveToCmd <==> org.cmdHandler.UserMoveToCmdHandler
[19:18:38,380] [INFO] CmdHandlerFactory.init --> 关联 org.tinygame.herostory.msg.GameMsgProtocol$GetRankCmd <==> org.cmdHandler.GetRankCmdHandler
[19:18:38,399] [INFO] CmdHandlerFactory.init --> 关联 org.tinygame.herostory.msg.GameMsgProtocol$WhoElseIsHereCmd <==> org.cmdHandler.WhoElseIsHereCmdHandler
[19:18:38,407] [INFO] CmdHandlerFactory.init --> 关联 org.tinygame.herostory.msg.GameMsgProtocol$UserEntryCmd <==> org.cmdHandler.UserEntryCmdHandler
[19:18:38,417] [INFO] GameMsgRecognizer.init --> ==== 完成 MsgBody 和 MsgCode 的关联 ====
[19:18:38,595] [INFO] GameMsgRecognizer.init --> 关联 org.tinygame.herostory.msg.GameMsgProtocol$GetRankResult <==> 18
[19:18:38,601] [INFO] GameMsgRecognizer.init --> 关联 org.tinygame.herostory.msg.GameMsgProtocol$GetRankCmd <==> 17
[19:18:38,613] [INFO] GameMsgRecognizer.init --> 关联 org.tinygame.herostory.msg.GameMsgProtocol$SelectHeroResult <==> 16
[19:18:38,622] [INFO] GameMsgRecognizer.init --> 关联 org.tinygame.herostory.msg.GameMsgProtocol$SelectHeroCmd <==> 15
[19:18:38,629] [INFO] GameMsgRecognizer.init --> 关联 org.tinygame.herostory.msg.GameMsgProtocol$UserLoginResult <==> 14
[19:18:38,635] [INFO] GameMsgRecognizer.init --> 关联 org.tinygame.herostory.msg.GameMsgProtocol$UserLoginCmd <==> 13
[19:18:38,640] [INFO] GameMsgRecognizer.init --> 关联 org.tinygame.herostory.msg.GameMsgProtocol$UserDieResult <==> 12
[19:18:38,644] [INFO] GameMsgRecognizer.init --> 关联 org.tinygame.herostory.msg.GameMsgProtocol$UserSubtractHpResult <==> 11
[19:18:38,652] [INFO] GameMsgRecognizer.init --> 关联 org.tinygame.herostory.msg.GameMsgProtocol$UserAttkResult <==> 10
[19:18:38,662] [INFO] GameMsgRecognizer.init --> 关联 org.tinygame.herostory.msg.GameMsgProtocol$UserAttkCmd <==> 9
[19:18:38,666] [INFO] GameMsgRecognizer.init --> 关联 org.tinygame.herostory.msg.GameMsgProtocol$UserStopResult <==> 8
[19:18:38,670] [INFO] GameMsgRecognizer.init --> 关联 org.tinygame.herostory.msg.GameMsgProtocol$UserStopCmd <==> 7
[19:18:38,675] [INFO] GameMsgRecognizer.init --> 关联 org.tinygame.herostory.msg.GameMsgProtocol$UserQuitResult <==> 6
[19:18:38,680] [INFO] GameMsgRecognizer.init --> 关联 org.tinygame.herostory.msg.GameMsgProtocol$UserMoveToResult <==> 5
[19:18:38,684] [INFO] GameMsgRecognizer.init --> 关联 org.tinygame.herostory.msg.GameMsgProtocol$UserMoveToCmd <==> 4
[19:18:38,692] [INFO] GameMsgRecognizer.init --> 关联 org.tinygame.herostory.msg.GameMsgProtocol$WhoElseIsHereResult <==> 3
[19:18:38,696] [INFO] GameMsgRecognizer.init --> 关联 org.tinygame.herostory.msg.GameMsgProtocol$WhoElseIsHereCmd <==> 2
[19:18:38,701] [INFO] GameMsgRecognizer.init --> 关联 org.tinygame.herostory.msg.GameMsgProtocol$UserEntryResult <==> 1
[19:18:38,707] [INFO] GameMsgRecognizer.init --> 关联 org.tinygame.herostory.msg.GameMsgProtocol$UserEntryCmd <==> 0
[19:18:41,276] [INFO] ServerGame.main --> 服务器启动成功!
[19:18:55,302] [INFO] RankApp.main --> 排行榜应用程序启动成功!
[19:19:23,758] [INFO] MainThreadProcessor.process --> 收到客户端消息, msgClazz = org.tinygame.herostory.msg.GameMsgProtocol$UserEntryCmd, msg = 1: 1
2: "Hero_Hammer"

[19:19:23,770] [INFO] MainThreadProcessor.process --> 收到客户端消息, msgClazz = org.tinygame.herostory.msg.GameMsgProtocol$WhoElseIsHereCmd, msg = 
[19:19:41,716] [INFO] MainThreadProcessor.process --> 收到客户端消息, msgClazz = org.tinygame.herostory.msg.GameMsgProtocol$UserLoginCmd, msg = userName: "a"
password: "q"

[19:19:41,717] [INFO] UserLoginCmdHandler.handle --> 用户登陆, userName = a, password = q
[19:19:41,717] [INFO] UserLoginCmdHandler.handle --> 当前线程 = nioEventLoopGroup-3-2
[19:19:42,053] [INFO] LoginService$AsyncGetUserByName.doAsync --> 当前线程 = AsyncOperationProcessor1
[19:19:42,995] [INFO] UserLoginCmdHandler.lambda$handle$0 --> 用户登陆成功, userId = 1, userName = a
[19:19:42,997] [INFO] UserLoginCmdHandler.lambda$handle$0 --> 当前线程 = MainThreadProcessor
[19:19:43,158] [INFO] MainThreadProcessor.process --> 收到客户端消息, msgClazz = org.tinygame.herostory.msg.GameMsgProtocol$UserEntryCmd, msg = 
[19:19:43,165] [INFO] MainThreadProcessor.process --> 收到客户端消息, msgClazz = org.tinygame.herostory.msg.GameMsgProtocol$WhoElseIsHereCmd, msg = 
[19:20:15,308] [INFO] MainThreadProcessor.process --> 收到客户端消息, msgClazz = org.tinygame.herostory.msg.GameMsgProtocol$UserLoginCmd, msg = userName: "b"
password: "1"

[19:20:15,309] [INFO] UserLoginCmdHandler.handle --> 用户登陆, userName = b, password = 1
[19:20:15,309] [INFO] UserLoginCmdHandler.handle --> 当前线程 = nioEventLoopGroup-3-3
[19:20:15,310] [INFO] LoginService$AsyncGetUserByName.doAsync --> 当前线程 = AsyncOperationProcessor2
[19:20:15,317] [ERROR] LoginService$AsyncGetUserByName.doAsync --> 用户密码错误, userId = 2, userName = b
[19:20:15,318] [ERROR] UserLoginCmdHandler.lambda$handle$0 --> 用户登陆失败, userName = b
[19:20:33,379] [INFO] MainThreadProcessor.process --> 收到客户端消息, msgClazz = org.tinygame.herostory.msg.GameMsgProtocol$UserLoginCmd, msg = userName: "b"
password: "1"

[19:20:33,380] [INFO] UserLoginCmdHandler.handle --> 用户登陆, userName = b, password = 1
[19:20:33,381] [INFO] UserLoginCmdHandler.handle --> 当前线程 = nioEventLoopGroup-3-3
[19:20:33,383] [INFO] LoginService$AsyncGetUserByName.doAsync --> 当前线程 = AsyncOperationProcessor2
[19:20:33,386] [ERROR] LoginService$AsyncGetUserByName.doAsync --> 用户密码错误, userId = 2, userName = b
[19:20:33,387] [ERROR] UserLoginCmdHandler.lambda$handle$0 --> 用户登陆失败, userName = b
[19:20:48,933] [INFO] MainThreadProcessor.process --> 收到客户端消息, msgClazz = org.tinygame.herostory.msg.GameMsgProtocol$UserLoginCmd, msg = userName: "b"
password: "q"

[19:20:48,934] [INFO] UserLoginCmdHandler.handle --> 用户登陆, userName = b, password = q
[19:20:48,935] [INFO] UserLoginCmdHandler.handle --> 当前线程 = nioEventLoopGroup-3-3
[19:20:48,937] [INFO] LoginService$AsyncGetUserByName.doAsync --> 当前线程 = AsyncOperationProcessor2
[19:20:48,941] [INFO] UserLoginCmdHandler.lambda$handle$0 --> 用户登陆成功, userId = 2, userName = b
[19:20:48,941] [INFO] UserLoginCmdHandler.lambda$handle$0 --> 当前线程 = MainThreadProcessor
[19:20:49,102] [INFO] MainThreadProcessor.process --> 收到客户端消息, msgClazz = org.tinygame.herostory.msg.GameMsgProtocol$UserEntryCmd, msg = 
[19:20:49,106] [INFO] MainThreadProcessor.process --> 收到客户端消息, msgClazz = org.tinygame.herostory.msg.GameMsgProtocol$WhoElseIsHereCmd, msg = 
[19:20:56,961] [INFO] MainThreadProcessor.process --> 收到客户端消息, msgClazz = org.tinygame.herostory.msg.GameMsgProtocol$UserAttkCmd, msg = targetUserId: 2

[19:20:58,964] [INFO] MainThreadProcessor.process --> 收到客户端消息, msgClazz = org.tinygame.herostory.msg.GameMsgProtocol$UserAttkCmd, msg = targetUserId: 2

[19:20:59,672] [INFO] MainThreadProcessor.process --> 收到客户端消息, msgClazz = org.tinygame.herostory.msg.GameMsgProtocol$UserAttkCmd, msg = targetUserId: 2

[19:20:59,835] [INFO] MainThreadProcessor.process --> 收到客户端消息, msgClazz = org.tinygame.herostory.msg.GameMsgProtocol$UserAttkCmd, msg = targetUserId: 2

[19:20:59,989] [INFO] MainThreadProcessor.process --> 收到客户端消息, msgClazz = org.tinygame.herostory.msg.GameMsgProtocol$UserAttkCmd, msg = targetUserId: 2

[19:21:00,159] [INFO] MainThreadProcessor.process --> 收到客户端消息, msgClazz = org.tinygame.herostory.msg.GameMsgProtocol$UserAttkCmd, msg = targetUserId: 2

[19:21:00,338] [INFO] MainThreadProcessor.process --> 收到客户端消息, msgClazz = org.tinygame.herostory.msg.GameMsgProtocol$UserAttkCmd, msg = targetUserId: 2

[19:21:00,515] [INFO] MainThreadProcessor.process --> 收到客户端消息, msgClazz = org.tinygame.herostory.msg.GameMsgProtocol$UserAttkCmd, msg = targetUserId: 2

[19:21:00,694] [INFO] MainThreadProcessor.process --> 收到客户端消息, msgClazz = org.tinygame.herostory.msg.GameMsgProtocol$UserAttkCmd, msg = targetUserId: 2

[19:21:00,873] [INFO] MainThreadProcessor.process --> 收到客户端消息, msgClazz = org.tinygame.herostory.msg.GameMsgProtocol$UserAttkCmd, msg = targetUserId: 2

[19:21:02,722] [INFO] MainThreadProcessor.process --> 收到客户端消息, msgClazz = org.tinygame.herostory.msg.GameMsgProtocol$GetRankCmd, msg = 
[19:21:04,573] [INFO] MainThreadProcessor.process --> 收到客户端消息, msgClazz = org.tinygame.herostory.msg.GameMsgProtocol$UserAttkCmd, msg = targetUserId: 2

[19:21:05,244] [INFO] MainThreadProcessor.process --> 收到客户端消息, msgClazz = org.tinygame.herostory.msg.GameMsgProtocol$GetRankCmd, msg = 
[19:21:06,770] [INFO] MainThreadProcessor.process --> 收到客户端消息, msgClazz = org.tinygame.herostory.msg.GameMsgProtocol$UserAttkCmd, msg = targetUserId: 2

[19:21:08,010] [INFO] MainThreadProcessor.process --> 收到客户端消息, msgClazz = org.tinygame.herostory.msg.GameMsgProtocol$UserAttkCmd, msg = targetUserId: 1

[19:21:08,256] [INFO] MainThreadProcessor.process --> 收到客户端消息, msgClazz = org.tinygame.herostory.msg.GameMsgProtocol$UserAttkCmd, msg = targetUserId: 1

[19:21:08,592] [INFO] MainThreadProcessor.process --> 收到客户端消息, msgClazz = org.tinygame.herostory.msg.GameMsgProtocol$UserAttkCmd, msg = targetUserId: 1

[19:21:08,859] [INFO] MainThreadProcessor.process --> 收到客户端消息, msgClazz = org.tinygame.herostory.msg.GameMsgProtocol$UserAttkCmd, msg = targetUserId: 1

[19:21:09,093] [INFO] MainThreadProcessor.process --> 收到客户端消息, msgClazz = org.tinygame.herostory.msg.GameMsgProtocol$UserAttkCmd, msg = targetUserId: 1

[19:21:09,349] [INFO] MainThreadProcessor.process --> 收到客户端消息, msgClazz = org.tinygame.herostory.msg.GameMsgProtocol$UserAttkCmd, msg = targetUserId: 1

[19:21:10,573] [INFO] MainThreadProcessor.process --> 收到客户端消息, msgClazz = org.tinygame.herostory.msg.GameMsgProtocol$UserAttkCmd, msg = targetUserId: 1

[19:21:11,055] [INFO] MainThreadProcessor.process --> 收到客户端消息, msgClazz = org.tinygame.herostory.msg.GameMsgProtocol$UserAttkCmd, msg = targetUserId: 1

[19:21:11,288] [INFO] MainThreadProcessor.process --> 收到客户端消息, msgClazz = org.tinygame.herostory.msg.GameMsgProtocol$UserAttkCmd, msg = targetUserId: 1

[19:21:11,540] [INFO] MainThreadProcessor.process --> 收到客户端消息, msgClazz = org.tinygame.herostory.msg.GameMsgProtocol$UserAttkCmd, msg = targetUserId: 1

[19:21:11,757] [INFO] MainThreadProcessor.process --> 收到客户端消息, msgClazz = org.tinygame.herostory.msg.GameMsgProtocol$UserAttkCmd, msg = targetUserId: 1

[19:21:12,008] [INFO] MainThreadProcessor.process --> 收到客户端消息, msgClazz = org.tinygame.herostory.msg.GameMsgProtocol$UserAttkCmd, msg = targetUserId: 1

[19:21:12,260] [INFO] MainThreadProcessor.process --> 收到客户端消息, msgClazz = org.tinygame.herostory.msg.GameMsgProtocol$UserAttkCmd, msg = targetUserId: 1

[19:21:12,538] [INFO] MainThreadProcessor.process --> 收到客户端消息, msgClazz = org.tinygame.herostory.msg.GameMsgProtocol$UserAttkCmd, msg = targetUserId: 1

[19:21:12,794] [INFO] MainThreadProcessor.process --> 收到客户端消息, msgClazz = org.tinygame.herostory.msg.GameMsgProtocol$UserAttkCmd, msg = targetUserId: 1

[19:21:13,034] [INFO] MainThreadProcessor.process --> 收到客户端消息, msgClazz = org.tinygame.herostory.msg.GameMsgProtocol$UserAttkCmd, msg = targetUserId: 1

[19:21:13,289] [INFO] MainThreadProcessor.process --> 收到客户端消息, msgClazz = org.tinygame.herostory.msg.GameMsgProtocol$UserAttkCmd, msg = targetUserId: 1

[19:21:13,509] [INFO] MainThreadProcessor.process --> 收到客户端消息, msgClazz = org.tinygame.herostory.msg.GameMsgProtocol$UserAttkCmd, msg = targetUserId: 1

[19:21:13,725] [INFO] MainThreadProcessor.process --> 收到客户端消息, msgClazz = org.tinygame.herostory.msg.GameMsgProtocol$UserAttkCmd, msg = targetUserId: 1

[19:21:13,954] [INFO] MainThreadProcessor.process --> 收到客户端消息, msgClazz = org.tinygame.herostory.msg.GameMsgProtocol$UserAttkCmd, msg = targetUserId: 1

[19:21:14,176] [INFO] MainThreadProcessor.process --> 收到客户端消息, msgClazz = org.tinygame.herostory.msg.GameMsgProtocol$UserAttkCmd, msg = targetUserId: 1

[19:21:14,543] [INFO] MainThreadProcessor.process --> 收到客户端消息, msgClazz = org.tinygame.herostory.msg.GameMsgProtocol$UserAttkCmd, msg = targetUserId: 1

[19:21:15,975] [INFO] MainThreadProcessor.process --> 收到客户端消息, msgClazz = org.tinygame.herostory.msg.GameMsgProtocol$UserAttkCmd, msg = targetUserId: 1

[19:21:16,141] [INFO] MainThreadProcessor.process --> 收到客户端消息, msgClazz = org.tinygame.herostory.msg.GameMsgProtocol$UserAttkCmd, msg = targetUserId: 1

[19:21:16,317] [INFO] MainThreadProcessor.process --> 收到客户端消息, msgClazz = org.tinygame.herostory.msg.GameMsgProtocol$UserAttkCmd, msg = targetUserId: 1

[19:21:16,469] [INFO] MainThreadProcessor.process --> 收到客户端消息, msgClazz = org.tinygame.herostory.msg.GameMsgProtocol$UserAttkCmd, msg = targetUserId: 1

[19:21:16,630] [INFO] MainThreadProcessor.process --> 收到客户端消息, msgClazz = org.tinygame.herostory.msg.GameMsgProtocol$UserAttkCmd, msg = targetUserId: 1

[19:21:16,790] [INFO] MainThreadProcessor.process --> 收到客户端消息, msgClazz = org.tinygame.herostory.msg.GameMsgProtocol$UserAttkCmd, msg = targetUserId: 1

[19:21:16,945] [INFO] MainThreadProcessor.process --> 收到客户端消息, msgClazz = org.tinygame.herostory.msg.GameMsgProtocol$UserAttkCmd, msg = targetUserId: 1

[19:21:17,123] [INFO] MainThreadProcessor.process --> 收到客户端消息, msgClazz = org.tinygame.herostory.msg.GameMsgProtocol$UserAttkCmd, msg = targetUserId: 1

[19:21:17,868] [INFO] MainThreadProcessor.process --> 收到客户端消息, msgClazz = org.tinygame.herostory.msg.GameMsgProtocol$UserAttkCmd, msg = targetUserId: 1

[19:21:18,390] [INFO] MainThreadProcessor.process --> 收到客户端消息, msgClazz = org.tinygame.herostory.msg.GameMsgProtocol$UserAttkCmd, msg = targetUserId: 1

[19:21:18,777] [INFO] MainThreadProcessor.process --> 收到客户端消息, msgClazz = org.tinygame.herostory.msg.GameMsgProtocol$UserAttkCmd, msg = targetUserId: 1

[19:21:19,584] [INFO] MainThreadProcessor.process --> 收到客户端消息, msgClazz = org.tinygame.herostory.msg.GameMsgProtocol$UserAttkCmd, msg = targetUserId: 1

[19:21:22,666] [INFO] MainThreadProcessor.process --> 收到客户端消息, msgClazz = org.tinygame.herostory.msg.GameMsgProtocol$UserAttkCmd, msg = targetUserId: 1

[19:21:24,090] [INFO] MainThreadProcessor.process --> 收到客户端消息, msgClazz = org.tinygame.herostory.msg.GameMsgProtocol$UserAttkCmd, msg = targetUserId: 1

[19:21:24,451] [INFO] MainThreadProcessor.process --> 收到客户端消息, msgClazz = org.tinygame.herostory.msg.GameMsgProtocol$UserAttkCmd, msg = targetUserId: 1

[19:21:32,609] [INFO] MainThreadProcessor.process --> 收到客户端消息, msgClazz = org.tinygame.herostory.msg.GameMsgProtocol$UserAttkCmd, msg = targetUserId: 1

[19:21:33,086] [INFO] MainThreadProcessor.process --> 收到客户端消息, msgClazz = org.tinygame.herostory.msg.GameMsgProtocol$UserAttkCmd, msg = targetUserId: 1

[19:21:33,422] [INFO] MainThreadProcessor.process --> 收到客户端消息, msgClazz = org.tinygame.herostory.msg.GameMsgProtocol$UserAttkCmd, msg = targetUserId: 1

[19:21:34,250] [INFO] MainThreadProcessor.process --> 收到客户端消息, msgClazz = org.tinygame.herostory.msg.GameMsgProtocol$GetRankCmd, msg = 
[19:21:35,607] [INFO] MainThreadProcessor.process --> 收到客户端消息, msgClazz = org.tinygame.herostory.msg.GameMsgProtocol$UserAttkCmd, msg = targetUserId: 1

[19:21:36,321] [INFO] MainThreadProcessor.process --> 收到客户端消息, msgClazz = org.tinygame.herostory.msg.GameMsgProtocol$GetRankCmd, msg = 
[19:21:37,694] [INFO] MainThreadProcessor.process --> 收到客户端消息, msgClazz = org.tinygame.herostory.msg.GameMsgProtocol$UserAttkCmd, msg = targetUserId: 1

[19:21:38,949] [INFO] MainThreadProcessor.process --> 收到客户端消息, msgClazz = org.tinygame.herostory.msg.GameMsgProtocol$GetRankCmd, msg = 
[19:21:40,273] [INFO] MainThreadProcessor.process --> 收到客户端消息, msgClazz = org.tinygame.herostory.msg.GameMsgProtocol$UserAttkCmd, msg = targetUserId: 2

[19:21:41,203] [INFO] MainThreadProcessor.process --> 收到客户端消息, msgClazz = org.tinygame.herostory.msg.GameMsgProtocol$GetRankCmd, msg = 
[19:21:42,728] [INFO] MainThreadProcessor.process --> 收到客户端消息, msgClazz = org.tinygame.herostory.msg.GameMsgProtocol$UserAttkCmd, msg = targetUserId: 1

[19:21:43,553] [INFO] MainThreadProcessor.process --> 收到客户端消息, msgClazz = org.tinygame.herostory.msg.GameMsgProtocol$UserAttkCmd, msg = targetUserId: 1

[19:21:43,775] [INFO] MainThreadProcessor.process --> 收到客户端消息, msgClazz = org.tinygame.herostory.msg.GameMsgProtocol$UserAttkCmd, msg = targetUserId: 1

[19:21:43,975] [INFO] MainThreadProcessor.process --> 收到客户端消息, msgClazz = org.tinygame.herostory.msg.GameMsgProtocol$UserAttkCmd, msg = targetUserId: 1

[19:21:44,162] [INFO] MainThreadProcessor.process --> 收到客户端消息, msgClazz = org.tinygame.herostory.msg.GameMsgProtocol$UserAttkCmd, msg = targetUserId: 1

[19:21:44,398] [INFO] MainThreadProcessor.process --> 收到客户端消息, msgClazz = org.tinygame.herostory.msg.GameMsgProtocol$UserAttkCmd, msg = targetUserId: 1

[19:21:44,623] [INFO] MainThreadProcessor.process --> 收到客户端消息, msgClazz = org.tinygame.herostory.msg.GameMsgProtocol$UserAttkCmd, msg = targetUserId: 1

[19:21:44,822] [INFO] MainThreadProcessor.process --> 收到客户端消息, msgClazz = org.tinygame.herostory.msg.GameMsgProtocol$UserAttkCmd, msg = targetUserId: 1

[19:21:45,037] [INFO] MainThreadProcessor.process --> 收到客户端消息, msgClazz = org.tinygame.herostory.msg.GameMsgProtocol$UserAttkCmd, msg = targetUserId: 1

[19:21:45,231] [INFO] MainThreadProcessor.process --> 收到客户端消息, msgClazz = org.tinygame.herostory.msg.GameMsgProtocol$UserAttkCmd, msg = targetUserId: 1

[19:21:45,422] [INFO] MainThreadProcessor.process --> 收到客户端消息, msgClazz = org.tinygame.herostory.msg.GameMsgProtocol$UserAttkCmd, msg = targetUserId: 1

[19:21:45,611] [INFO] MainThreadProcessor.process --> 收到客户端消息, msgClazz = org.tinygame.herostory.msg.GameMsgProtocol$UserAttkCmd, msg = targetUserId: 1

[19:21:45,819] [INFO] MainThreadProcessor.process --> 收到客户端消息, msgClazz = org.tinygame.herostory.msg.GameMsgProtocol$UserAttkCmd, msg = targetUserId: 1

[19:21:46,028] [INFO] MainThreadProcessor.process --> 收到客户端消息, msgClazz = org.tinygame.herostory.msg.GameMsgProtocol$UserAttkCmd, msg = targetUserId: 1

[19:21:46,244] [INFO] MainThreadProcessor.process --> 收到客户端消息, msgClazz = org.tinygame.herostory.msg.GameMsgProtocol$UserAttkCmd, msg = targetUserId: 1

[19:21:46,444] [INFO] MainThreadProcessor.process --> 收到客户端消息, msgClazz = org.tinygame.herostory.msg.GameMsgProtocol$UserAttkCmd, msg = targetUserId: 1

[19:21:46,653] [INFO] MainThreadProcessor.process --> 收到客户端消息, msgClazz = org.tinygame.herostory.msg.GameMsgProtocol$UserAttkCmd, msg = targetUserId: 1

[19:21:46,857] [INFO] MainThreadProcessor.process --> 收到客户端消息, msgClazz = org.tinygame.herostory.msg.GameMsgProtocol$UserAttkCmd, msg = targetUserId: 1

[19:21:47,041] [INFO] MainThreadProcessor.process --> 收到客户端消息, msgClazz = org.tinygame.herostory.msg.GameMsgProtocol$UserAttkCmd, msg = targetUserId: 1

[19:21:47,239] [INFO] MainThreadProcessor.process --> 收到客户端消息, msgClazz = org.tinygame.herostory.msg.GameMsgProtocol$UserAttkCmd, msg = targetUserId: 1

[19:21:47,434] [INFO] MainThreadProcessor.process --> 收到客户端消息, msgClazz = org.tinygame.herostory.msg.GameMsgProtocol$UserAttkCmd, msg = targetUserId: 1

[19:21:47,634] [INFO] MainThreadProcessor.process --> 收到客户端消息, msgClazz = org.tinygame.herostory.msg.GameMsgProtocol$UserAttkCmd, msg = targetUserId: 1

[19:21:47,821] [INFO] MainThreadProcessor.process --> 收到客户端消息, msgClazz = org.tinygame.herostory.msg.GameMsgProtocol$UserAttkCmd, msg = targetUserId: 1

[19:21:48,013] [INFO] MainThreadProcessor.process --> 收到客户端消息, msgClazz = org.tinygame.herostory.msg.GameMsgProtocol$UserAttkCmd, msg = targetUserId: 1

[19:21:48,211] [INFO] MainThreadProcessor.process --> 收到客户端消息, msgClazz = org.tinygame.herostory.msg.GameMsgProtocol$UserAttkCmd, msg = targetUserId: 1

[19:21:48,406] [INFO] MainThreadProcessor.process --> 收到客户端消息, msgClazz = org.tinygame.herostory.msg.GameMsgProtocol$UserAttkCmd, msg = targetUserId: 1

[19:21:48,589] [INFO] MainThreadProcessor.process --> 收到客户端消息, msgClazz = org.tinygame.herostory.msg.GameMsgProtocol$UserAttkCmd, msg = targetUserId: 1

[19:21:48,788] [INFO] MainThreadProcessor.process --> 收到客户端消息, msgClazz = org.tinygame.herostory.msg.GameMsgProtocol$UserAttkCmd, msg = targetUserId: 1

[19:21:48,984] [INFO] MainThreadProcessor.process --> 收到客户端消息, msgClazz = org.tinygame.herostory.msg.GameMsgProtocol$UserAttkCmd, msg = targetUserId: 1

[19:21:49,188] [INFO] MainThreadProcessor.process --> 收到客户端消息, msgClazz = org.tinygame.herostory.msg.GameMsgProtocol$UserAttkCmd, msg = targetUserId: 1

[19:21:49,392] [INFO] MainThreadProcessor.process --> 收到客户端消息, msgClazz = org.tinygame.herostory.msg.GameMsgProtocol$UserAttkCmd, msg = targetUserId: 1

[19:21:49,605] [INFO] MainThreadProcessor.process --> 收到客户端消息, msgClazz = org.tinygame.herostory.msg.GameMsgProtocol$UserAttkCmd, msg = targetUserId: 1

[19:21:49,805] [INFO] MainThreadProcessor.process --> 收到客户端消息, msgClazz = org.tinygame.herostory.msg.GameMsgProtocol$UserAttkCmd, msg = targetUserId: 1

[19:21:50,017] [INFO] MainThreadProcessor.process --> 收到客户端消息, msgClazz = org.tinygame.herostory.msg.GameMsgProtocol$UserAttkCmd, msg = targetUserId: 1

[19:21:50,222] [INFO] MainThreadProcessor.process --> 收到客户端消息, msgClazz = org.tinygame.herostory.msg.GameMsgProtocol$UserAttkCmd, msg = targetUserId: 1

[19:21:50,422] [INFO] MainThreadProcessor.process --> 收到客户端消息, msgClazz = org.tinygame.herostory.msg.GameMsgProtocol$UserAttkCmd, msg = targetUserId: 1

[19:21:50,616] [INFO] MainThreadProcessor.process --> 收到客户端消息, msgClazz = org.tinygame.herostory.msg.GameMsgProtocol$UserAttkCmd, msg = targetUserId: 1

[19:21:50,806] [INFO] MainThreadProcessor.process --> 收到客户端消息, msgClazz = org.tinygame.herostory.msg.GameMsgProtocol$UserAttkCmd, msg = targetUserId: 1

[19:21:51,005] [INFO] MainThreadProcessor.process --> 收到客户端消息, msgClazz = org.tinygame.herostory.msg.GameMsgProtocol$UserAttkCmd, msg = targetUserId: 1

[19:21:51,202] [INFO] MainThreadProcessor.process --> 收到客户端消息, msgClazz = org.tinygame.herostory.msg.GameMsgProtocol$UserAttkCmd, msg = targetUserId: 1

[19:21:51,389] [INFO] MainThreadProcessor.process --> 收到客户端消息, msgClazz = org.tinygame.herostory.msg.GameMsgProtocol$UserAttkCmd, msg = targetUserId: 1

[19:21:51,570] [INFO] MainThreadProcessor.process --> 收到客户端消息, msgClazz = org.tinygame.herostory.msg.GameMsgProtocol$UserAttkCmd, msg = targetUserId: 1

[19:21:51,749] [INFO] MainThreadProcessor.process --> 收到客户端消息, msgClazz = org.tinygame.herostory.msg.GameMsgProtocol$UserAttkCmd, msg = targetUserId: 1

[19:21:54,967] [INFO] MainThreadProcessor.process --> 收到客户端消息, msgClazz = org.tinygame.herostory.msg.GameMsgProtocol$UserAttkCmd, msg = targetUserId: 1

[19:21:55,457] [INFO] MainThreadProcessor.process --> 收到客户端消息, msgClazz = org.tinygame.herostory.msg.GameMsgProtocol$UserAttkCmd, msg = targetUserId: 1

[19:21:55,722] [INFO] MainThreadProcessor.process --> 收到客户端消息, msgClazz = org.tinygame.herostory.msg.GameMsgProtocol$UserAttkCmd, msg = targetUserId: 1

[19:21:55,907] [INFO] MainThreadProcessor.process --> 收到客户端消息, msgClazz = org.tinygame.herostory.msg.GameMsgProtocol$UserAttkCmd, msg = targetUserId: 1

[19:21:56,092] [INFO] MainThreadProcessor.process --> 收到客户端消息, msgClazz = org.tinygame.herostory.msg.GameMsgProtocol$UserAttkCmd, msg = targetUserId: 1

[19:21:56,276] [INFO] MainThreadProcessor.process --> 收到客户端消息, msgClazz = org.tinygame.herostory.msg.GameMsgProtocol$UserAttkCmd, msg = targetUserId: 1

[19:21:56,472] [INFO] MainThreadProcessor.process --> 收到客户端消息, msgClazz = org.tinygame.herostory.msg.GameMsgProtocol$UserAttkCmd, msg = targetUserId: 1

[19:21:56,658] [INFO] MainThreadProcessor.process --> 收到客户端消息, msgClazz = org.tinygame.herostory.msg.GameMsgProtocol$UserAttkCmd, msg = targetUserId: 1

[19:21:56,862] [INFO] MainThreadProcessor.process --> 收到客户端消息, msgClazz = org.tinygame.herostory.msg.GameMsgProtocol$UserAttkCmd, msg = targetUserId: 1

[19:21:57,054] [INFO] MainThreadProcessor.process --> 收到客户端消息, msgClazz = org.tinygame.herostory.msg.GameMsgProtocol$UserAttkCmd, msg = targetUserId: 1

[19:21:57,257] [INFO] MainThreadProcessor.process --> 收到客户端消息, msgClazz = org.tinygame.herostory.msg.GameMsgProtocol$UserAttkCmd, msg = targetUserId: 1

[19:21:57,438] [INFO] MainThreadProcessor.process --> 收到客户端消息, msgClazz = org.tinygame.herostory.msg.GameMsgProtocol$UserAttkCmd, msg = targetUserId: 1

[19:21:57,621] [INFO] MainThreadProcessor.process --> 收到客户端消息, msgClazz = org.tinygame.herostory.msg.GameMsgProtocol$UserAttkCmd, msg = targetUserId: 1

[19:21:57,805] [INFO] MainThreadProcessor.process --> 收到客户端消息, msgClazz = org.tinygame.herostory.msg.GameMsgProtocol$UserAttkCmd, msg = targetUserId: 1

[19:21:58,004] [INFO] MainThreadProcessor.process --> 收到客户端消息, msgClazz = org.tinygame.herostory.msg.GameMsgProtocol$UserAttkCmd, msg = targetUserId: 1

[19:21:58,192] [INFO] MainThreadProcessor.process --> 收到客户端消息, msgClazz = org.tinygame.herostory.msg.GameMsgProtocol$UserAttkCmd, msg = targetUserId: 1

[19:21:58,374] [INFO] MainThreadProcessor.process --> 收到客户端消息, msgClazz = org.tinygame.herostory.msg.GameMsgProtocol$UserAttkCmd, msg = targetUserId: 1

[19:21:58,567] [INFO] MainThreadProcessor.process --> 收到客户端消息, msgClazz = org.tinygame.herostory.msg.GameMsgProtocol$UserAttkCmd, msg = targetUserId: 1

[19:21:58,757] [INFO] MainThreadProcessor.process --> 收到客户端消息, msgClazz = org.tinygame.herostory.msg.GameMsgProtocol$UserAttkCmd, msg = targetUserId: 1

[19:21:58,925] [INFO] MainThreadProcessor.process --> 收到客户端消息, msgClazz = org.tinygame.herostory.msg.GameMsgProtocol$UserAttkCmd, msg = targetUserId: 1

[19:21:59,121] [INFO] MainThreadProcessor.process --> 收到客户端消息, msgClazz = org.tinygame.herostory.msg.GameMsgProtocol$UserAttkCmd, msg = targetUserId: 1

[19:21:59,305] [INFO] MainThreadProcessor.process --> 收到客户端消息, msgClazz = org.tinygame.herostory.msg.GameMsgProtocol$UserAttkCmd, msg = targetUserId: 1

[19:21:59,504] [INFO] MainThreadProcessor.process --> 收到客户端消息, msgClazz = org.tinygame.herostory.msg.GameMsgProtocol$UserAttkCmd, msg = targetUserId: 1

[19:21:59,706] [INFO] MainThreadProcessor.process --> 收到客户端消息, msgClazz = org.tinygame.herostory.msg.GameMsgProtocol$UserAttkCmd, msg = targetUserId: 1

[19:21:59,903] [INFO] MainThreadProcessor.process --> 收到客户端消息, msgClazz = org.tinygame.herostory.msg.GameMsgProtocol$UserAttkCmd, msg = targetUserId: 1

[19:22:00,092] [INFO] MainThreadProcessor.process --> 收到客户端消息, msgClazz = org.tinygame.herostory.msg.GameMsgProtocol$UserAttkCmd, msg = targetUserId: 1

[19:22:00,273] [INFO] MainThreadProcessor.process --> 收到客户端消息, msgClazz = org.tinygame.herostory.msg.GameMsgProtocol$UserAttkCmd, msg = targetUserId: 1

[19:22:03,320] [INFO] MainThreadProcessor.process --> 收到客户端消息, msgClazz = org.tinygame.herostory.msg.GameMsgProtocol$UserAttkCmd, msg = targetUserId: 1

[19:22:03,885] [INFO] MainThreadProcessor.process --> 收到客户端消息, msgClazz = org.tinygame.herostory.msg.GameMsgProtocol$UserAttkCmd, msg = targetUserId: 1

[19:22:04,096] [INFO] MainThreadProcessor.process --> 收到客户端消息, msgClazz = org.tinygame.herostory.msg.GameMsgProtocol$UserAttkCmd, msg = targetUserId: 1

[19:22:04,301] [INFO] MainThreadProcessor.process --> 收到客户端消息, msgClazz = org.tinygame.herostory.msg.GameMsgProtocol$UserAttkCmd, msg = targetUserId: 1

[19:22:04,490] [INFO] MainThreadProcessor.process --> 收到客户端消息, msgClazz = org.tinygame.herostory.msg.GameMsgProtocol$UserAttkCmd, msg = targetUserId: 1

[19:22:04,673] [INFO] MainThreadProcessor.process --> 收到客户端消息, msgClazz = org.tinygame.herostory.msg.GameMsgProtocol$UserAttkCmd, msg = targetUserId: 1

[19:22:04,871] [INFO] MainThreadProcessor.process --> 收到客户端消息, msgClazz = org.tinygame.herostory.msg.GameMsgProtocol$UserAttkCmd, msg = targetUserId: 1

[19:22:05,044] [INFO] MainThreadProcessor.process --> 收到客户端消息, msgClazz = org.tinygame.herostory.msg.GameMsgProtocol$UserAttkCmd, msg = targetUserId: 1

[19:22:05,203] [INFO] MainThreadProcessor.process --> 收到客户端消息, msgClazz = org.tinygame.herostory.msg.GameMsgProtocol$UserAttkCmd, msg = targetUserId: 1

[19:22:05,389] [INFO] MainThreadProcessor.process --> 收到客户端消息, msgClazz = org.tinygame.herostory.msg.GameMsgProtocol$UserAttkCmd, msg = targetUserId: 1

[19:22:05,588] [INFO] MainThreadProcessor.process --> 收到客户端消息, msgClazz = org.tinygame.herostory.msg.GameMsgProtocol$UserAttkCmd, msg = targetUserId: 1

[19:22:05,806] [INFO] MainThreadProcessor.process --> 收到客户端消息, msgClazz = org.tinygame.herostory.msg.GameMsgProtocol$UserAttkCmd, msg = targetUserId: 1

[19:22:06,019] [INFO] MainThreadProcessor.process --> 收到客户端消息, msgClazz = org.tinygame.herostory.msg.GameMsgProtocol$UserAttkCmd, msg = targetUserId: 1

[19:22:06,206] [INFO] MainThreadProcessor.process --> 收到客户端消息, msgClazz = org.tinygame.herostory.msg.GameMsgProtocol$UserAttkCmd, msg = targetUserId: 1

[19:22:06,408] [INFO] MainThreadProcessor.process --> 收到客户端消息, msgClazz = org.tinygame.herostory.msg.GameMsgProtocol$UserAttkCmd, msg = targetUserId: 1

[19:22:06,611] [INFO] MainThreadProcessor.process --> 收到客户端消息, msgClazz = org.tinygame.herostory.msg.GameMsgProtocol$UserAttkCmd, msg = targetUserId: 1

[19:22:06,773] [INFO] MainThreadProcessor.process --> 收到客户端消息, msgClazz = org.tinygame.herostory.msg.GameMsgProtocol$UserAttkCmd, msg = targetUserId: 1

[19:22:06,972] [INFO] MainThreadProcessor.process --> 收到客户端消息, msgClazz = org.tinygame.herostory.msg.GameMsgProtocol$UserAttkCmd, msg = targetUserId: 1

[19:22:07,127] [INFO] MainThreadProcessor.process --> 收到客户端消息, msgClazz = org.tinygame.herostory.msg.GameMsgProtocol$UserAttkCmd, msg = targetUserId: 1

[19:22:07,317] [INFO] MainThreadProcessor.process --> 收到客户端消息, msgClazz = org.tinygame.herostory.msg.GameMsgProtocol$UserAttkCmd, msg = targetUserId: 1

[19:22:07,689] [INFO] MainThreadProcessor.process --> 收到客户端消息, msgClazz = org.tinygame.herostory.msg.GameMsgProtocol$UserAttkCmd, msg = targetUserId: 1

[19:22:08,087] [INFO] MainThreadProcessor.process --> 收到客户端消息, msgClazz = org.tinygame.herostory.msg.GameMsgProtocol$UserAttkCmd, msg = targetUserId: 1

[19:22:10,067] [INFO] MainThreadProcessor.process --> 收到客户端消息, msgClazz = org.tinygame.herostory.msg.GameMsgProtocol$UserAttkCmd, msg = targetUserId: 1

[19:22:10,489] [INFO] MainThreadProcessor.process --> 收到客户端消息, msgClazz = org.tinygame.herostory.msg.GameMsgProtocol$UserAttkCmd, msg = targetUserId: 1

[19:22:10,805] [INFO] MainThreadProcessor.process --> 收到客户端消息, msgClazz = org.tinygame.herostory.msg.GameMsgProtocol$UserAttkCmd, msg = targetUserId: 1

[19:22:11,094] [INFO] MainThreadProcessor.process --> 收到客户端消息, msgClazz = org.tinygame.herostory.msg.GameMsgProtocol$UserAttkCmd, msg = targetUserId: 1

[19:22:11,341] [INFO] MainThreadProcessor.process --> 收到客户端消息, msgClazz = org.tinygame.herostory.msg.GameMsgProtocol$UserAttkCmd, msg = targetUserId: 1

[19:22:11,571] [INFO] MainThreadProcessor.process --> 收到客户端消息, msgClazz = org.tinygame.herostory.msg.GameMsgProtocol$UserAttkCmd, msg = targetUserId: 1

[19:22:11,790] [INFO] MainThreadProcessor.process --> 收到客户端消息, msgClazz = org.tinygame.herostory.msg.GameMsgProtocol$UserAttkCmd, msg = targetUserId: 1

[19:22:12,006] [INFO] MainThreadProcessor.process --> 收到客户端消息, msgClazz = org.tinygame.herostory.msg.GameMsgProtocol$UserAttkCmd, msg = targetUserId: 1

[19:22:12,205] [INFO] MainThreadProcessor.process --> 收到客户端消息, msgClazz = org.tinygame.herostory.msg.GameMsgProtocol$UserAttkCmd, msg = targetUserId: 1

[19:22:12,405] [INFO] MainThreadProcessor.process --> 收到客户端消息, msgClazz = org.tinygame.herostory.msg.GameMsgProtocol$UserAttkCmd, msg = targetUserId: 1

[19:22:12,621] [INFO] MainThreadProcessor.process --> 收到客户端消息, msgClazz = org.tinygame.herostory.msg.GameMsgProtocol$UserAttkCmd, msg = targetUserId: 1

[19:22:13,977] [INFO] MainThreadProcessor.process --> 收到客户端消息, msgClazz = org.tinygame.herostory.msg.GameMsgProtocol$UserAttkCmd, msg = targetUserId: 1

[19:22:18,743] [INFO] MainThreadProcessor.process --> 收到客户端消息, msgClazz = org.tinygame.herostory.msg.GameMsgProtocol$UserAttkCmd, msg = targetUserId: 2

[19:22:19,167] [INFO] MainThreadProcessor.process --> 收到客户端消息, msgClazz = org.tinygame.herostory.msg.GameMsgProtocol$UserAttkCmd, msg = targetUserId: 2

